/home/kroad/autonomous_tb3_ws/install/autonomous_tb3/lib/python3.10/site-packages/autonomous_tb3/maze_solver.py
/home/kroad/autonomous_tb3_ws/install/autonomous_tb3/lib/python3.10/site-packages/autonomous_tb3/spawn_entity.py
/home/kroad/autonomous_tb3_ws/install/autonomous_tb3/lib/python3.10/site-packages/autonomous_tb3/__init__.py
/home/kroad/autonomous_tb3_ws/install/autonomous_tb3/lib/python3.10/site-packages/autonomous_tb3/occupancy_grid_pub.py
/home/kroad/autonomous_tb3_ws/install/autonomous_tb3/lib/python3.10/site-packages/autonomous_tb3/__pycache__/maze_solver.cpython-310.pyc
/home/kroad/autonomous_tb3_ws/install/autonomous_tb3/lib/python3.10/site-packages/autonomous_tb3/__pycache__/spawn_entity.cpython-310.pyc
/home/kroad/autonomous_tb3_ws/install/autonomous_tb3/lib/python3.10/site-packages/autonomous_tb3/__pycache__/__init__.cpython-310.pyc
/home/kroad/autonomous_tb3_ws/install/autonomous_tb3/lib/python3.10/site-packages/autonomous_tb3/__pycache__/occupancy_grid_pub.cpython-310.pyc
/home/kroad/autonomous_tb3_ws/install/autonomous_tb3/share/ament_index/resource_index/packages/autonomous_tb3
/home/kroad/autonomous_tb3_ws/install/autonomous_tb3/share/autonomous_tb3/package.xml
/home/kroad/autonomous_tb3_ws/install/autonomous_tb3/share/autonomous_tb3/launch/navigation.launch.py
/home/kroad/autonomous_tb3_ws/install/autonomous_tb3/share/autonomous_tb3/launch/mapping.launch.py
/home/kroad/autonomous_tb3_ws/install/autonomous_tb3/share/autonomous_tb3/launch/maze_navigation.launch.py
/home/kroad/autonomous_tb3_ws/install/autonomous_tb3/share/autonomous_tb3/config/maze.pgm
/home/kroad/autonomous_tb3_ws/install/autonomous_tb3/share/autonomous_tb3/config/tb3_nav_rviz
/home/kroad/autonomous_tb3_ws/install/autonomous_tb3/share/autonomous_tb3/config/tb3_world.pgm
/home/kroad/autonomous_tb3_ws/install/autonomous_tb3/share/autonomous_tb3/config/tb3_params.yaml
/home/kroad/autonomous_tb3_ws/install/autonomous_tb3/share/autonomous_tb3/config/tb3_cartographer.lua
/home/kroad/autonomous_tb3_ws/install/autonomous_tb3/share/autonomous_tb3/config/maze.yaml
/home/kroad/autonomous_tb3_ws/install/autonomous_tb3/share/autonomous_tb3/config/tb3_world.yaml
/home/kroad/autonomous_tb3_ws/install/autonomous_tb3/share/autonomous_tb3/world/maze/model.config
/home/kroad/autonomous_tb3_ws/install/autonomous_tb3/share/autonomous_tb3/world/maze/model.sdf
/home/kroad/autonomous_tb3_ws/install/autonomous_tb3/share/autonomous_tb3/world/maze_
/home/kroad/autonomous_tb3_ws/install/autonomous_tb3/lib/python3.10/site-packages/autonomous_tb3-0.0.0-py3.10.egg-info/top_level.txt
/home/kroad/autonomous_tb3_ws/install/autonomous_tb3/lib/python3.10/site-packages/autonomous_tb3-0.0.0-py3.10.egg-info/dependency_links.txt
/home/kroad/autonomous_tb3_ws/install/autonomous_tb3/lib/python3.10/site-packages/autonomous_tb3-0.0.0-py3.10.egg-info/entry_points.txt
/home/kroad/autonomous_tb3_ws/install/autonomous_tb3/lib/python3.10/site-packages/autonomous_tb3-0.0.0-py3.10.egg-info/zip-safe
/home/kroad/autonomous_tb3_ws/install/autonomous_tb3/lib/python3.10/site-packages/autonomous_tb3-0.0.0-py3.10.egg-info/SOURCES.txt
/home/kroad/autonomous_tb3_ws/install/autonomous_tb3/lib/python3.10/site-packages/autonomous_tb3-0.0.0-py3.10.egg-info/PKG-INFO
/home/kroad/autonomous_tb3_ws/install/autonomous_tb3/lib/python3.10/site-packages/autonomous_tb3-0.0.0-py3.10.egg-info/requires.txt
/home/kroad/autonomous_tb3_ws/install/autonomous_tb3/lib/autonomous_tb3/maze_solver
/home/kroad/autonomous_tb3_ws/install/autonomous_tb3/lib/autonomous_tb3/occupancy_grid_pub
/home/kroad/autonomous_tb3_ws/install/autonomous_tb3/lib/autonomous_tb3/sdf_spawner
