[0.435s] Invoking command in '/home/kroad/autonomous_tb3_ws/src/autonomous_tb3': PYTHONPATH=/home/kroad/autonomous_tb3_ws/build/autonomous_tb3/prefix_override:/home/kroad/autonomous_tb3_ws/install/autonomous_tb3/lib/python3.10/site-packages:${PYTHONPATH} /usr/bin/python3 -W ignore:setup.py install is deprecated setup.py egg_info --egg-base ../../build/autonomous_tb3 build --build-base /home/kroad/autonomous_tb3_ws/build/autonomous_tb3/build install --record /home/kroad/autonomous_tb3_ws/build/autonomous_tb3/install.log --single-version-externally-managed install_data
[0.613s] running egg_info
[0.613s] writing ../../build/autonomous_tb3/autonomous_tb3.egg-info/PKG-INFO
[0.613s] writing dependency_links to ../../build/autonomous_tb3/autonomous_tb3.egg-info/dependency_links.txt
[0.614s] writing entry points to ../../build/autonomous_tb3/autonomous_tb3.egg-info/entry_points.txt
[0.614s] writing requirements to ../../build/autonomous_tb3/autonomous_tb3.egg-info/requires.txt
[0.614s] writing top-level names to ../../build/autonomous_tb3/autonomous_tb3.egg-info/top_level.txt
[0.615s] reading manifest file '../../build/autonomous_tb3/autonomous_tb3.egg-info/SOURCES.txt'
[0.616s] writing manifest file '../../build/autonomous_tb3/autonomous_tb3.egg-info/SOURCES.txt'
[0.616s] running build
[0.616s] running build_py
[0.616s] running install
[0.616s] running install_lib
[0.617s] running install_data
[0.618s] copying launch/navigation.launch.py -> /home/kroad/autonomous_tb3_ws/install/autonomous_tb3/share/autonomous_tb3/launch
[0.618s] running install_egg_info
[0.619s] removing '/home/kroad/autonomous_tb3_ws/install/autonomous_tb3/lib/python3.10/site-packages/autonomous_tb3-0.0.0-py3.10.egg-info' (and everything under it)
[0.619s] Copying ../../build/autonomous_tb3/autonomous_tb3.egg-info to /home/kroad/autonomous_tb3_ws/install/autonomous_tb3/lib/python3.10/site-packages/autonomous_tb3-0.0.0-py3.10.egg-info
[0.620s] running install_scripts
[0.636s] Installing occupancy_grid_pub script to /home/kroad/autonomous_tb3_ws/install/autonomous_tb3/lib/autonomous_tb3
[0.637s] writing list of installed files to '/home/kroad/autonomous_tb3_ws/build/autonomous_tb3/install.log'
[0.656s] Invoked command in '/home/kroad/autonomous_tb3_ws/src/autonomous_tb3' returned '0': PYTHONPATH=/home/kroad/autonomous_tb3_ws/build/autonomous_tb3/prefix_override:/home/kroad/autonomous_tb3_ws/install/autonomous_tb3/lib/python3.10/site-packages:${PYTHONPATH} /usr/bin/python3 -W ignore:setup.py install is deprecated setup.py egg_info --egg-base ../../build/autonomous_tb3 build --build-base /home/kroad/autonomous_tb3_ws/build/autonomous_tb3/build install --record /home/kroad/autonomous_tb3_ws/build/autonomous_tb3/install.log --single-version-externally-managed install_data
