[0.445s] Invoking command in '/home/kroad/autonomous_tb3_ws/src/autonomous_tb3': PYTHONPATH=/home/kroad/autonomous_tb3_ws/build/autonomous_tb3/prefix_override:/home/kroad/autonomous_tb3_ws/install/autonomous_tb3/lib/python3.10/site-packages:${PYTHONPATH} /usr/bin/python3 -W ignore:setup.py install is deprecated setup.py egg_info --egg-base ../../build/autonomous_tb3 build --build-base /home/kroad/autonomous_tb3_ws/build/autonomous_tb3/build install --record /home/kroad/autonomous_tb3_ws/build/autonomous_tb3/install.log --single-version-externally-managed install_data
[0.608s] running egg_info
[0.609s] writing ../../build/autonomous_tb3/autonomous_tb3.egg-info/PKG-INFO
[0.609s] writing dependency_links to ../../build/autonomous_tb3/autonomous_tb3.egg-info/dependency_links.txt
[0.609s] writing entry points to ../../build/autonomous_tb3/autonomous_tb3.egg-info/entry_points.txt
[0.609s] writing requirements to ../../build/autonomous_tb3/autonomous_tb3.egg-info/requires.txt
[0.609s] writing top-level names to ../../build/autonomous_tb3/autonomous_tb3.egg-info/top_level.txt
[0.610s] reading manifest file '../../build/autonomous_tb3/autonomous_tb3.egg-info/SOURCES.txt'
[0.611s] writing manifest file '../../build/autonomous_tb3/autonomous_tb3.egg-info/SOURCES.txt'
[0.611s] running build
[0.611s] running build_py
[0.611s] copying autonomous_tb3/maze_solver.py -> /home/kroad/autonomous_tb3_ws/build/autonomous_tb3/build/lib/autonomous_tb3
[0.611s] running install
[0.611s] running install_lib
[0.612s] copying /home/kroad/autonomous_tb3_ws/build/autonomous_tb3/build/lib/autonomous_tb3/maze_solver.py -> /home/kroad/autonomous_tb3_ws/install/autonomous_tb3/lib/python3.10/site-packages/autonomous_tb3
[0.612s] byte-compiling /home/kroad/autonomous_tb3_ws/install/autonomous_tb3/lib/python3.10/site-packages/autonomous_tb3/maze_solver.py to maze_solver.cpython-310.pyc
[0.613s] running install_data
[0.613s] running install_egg_info
[0.614s] removing '/home/kroad/autonomous_tb3_ws/install/autonomous_tb3/lib/python3.10/site-packages/autonomous_tb3-0.0.0-py3.10.egg-info' (and everything under it)
[0.614s] Copying ../../build/autonomous_tb3/autonomous_tb3.egg-info to /home/kroad/autonomous_tb3_ws/install/autonomous_tb3/lib/python3.10/site-packages/autonomous_tb3-0.0.0-py3.10.egg-info
[0.615s] running install_scripts
[0.628s] Installing occupancy_grid_pub script to /home/kroad/autonomous_tb3_ws/install/autonomous_tb3/lib/autonomous_tb3
[0.628s] Installing sdf_spawner = autonomous_tb3.spawn_entity:mainmaze_solver script to /home/kroad/autonomous_tb3_ws/install/autonomous_tb3/lib/autonomous_tb3
[0.628s] writing list of installed files to '/home/kroad/autonomous_tb3_ws/build/autonomous_tb3/install.log'
[0.646s] Invoked command in '/home/kroad/autonomous_tb3_ws/src/autonomous_tb3' returned '0': PYTHONPATH=/home/kroad/autonomous_tb3_ws/build/autonomous_tb3/prefix_override:/home/kroad/autonomous_tb3_ws/install/autonomous_tb3/lib/python3.10/site-packages:${PYTHONPATH} /usr/bin/python3 -W ignore:setup.py install is deprecated setup.py egg_info --egg-base ../../build/autonomous_tb3 build --build-base /home/kroad/autonomous_tb3_ws/build/autonomous_tb3/build install --record /home/kroad/autonomous_tb3_ws/build/autonomous_tb3/install.log --single-version-externally-managed install_data
