[0.386s] Invoking command in '/home/kroad/autonomous_tb3_ws/src/autonomous_tb3': PYTHONPATH=/home/kroad/autonomous_tb3_ws/build/autonomous_tb3/prefix_override:/home/kroad/autonomous_tb3_ws/install/autonomous_tb3/lib/python3.10/site-packages:${PYTHONPATH} /usr/bin/python3 -W ignore:setup.py install is deprecated setup.py egg_info --egg-base ../../build/autonomous_tb3 build --build-base /home/kroad/autonomous_tb3_ws/build/autonomous_tb3/build install --record /home/kroad/autonomous_tb3_ws/build/autonomous_tb3/install.log --single-version-externally-managed install_data
[0.536s] running egg_info
[0.536s] writing ../../build/autonomous_tb3/autonomous_tb3.egg-info/PKG-INFO
[0.537s] writing dependency_links to ../../build/autonomous_tb3/autonomous_tb3.egg-info/dependency_links.txt
[0.537s] writing entry points to ../../build/autonomous_tb3/autonomous_tb3.egg-info/entry_points.txt
[0.537s] writing requirements to ../../build/autonomous_tb3/autonomous_tb3.egg-info/requires.txt
[0.537s] writing top-level names to ../../build/autonomous_tb3/autonomous_tb3.egg-info/top_level.txt
[0.538s] reading manifest file '../../build/autonomous_tb3/autonomous_tb3.egg-info/SOURCES.txt'
[0.538s] writing manifest file '../../build/autonomous_tb3/autonomous_tb3.egg-info/SOURCES.txt'
[0.538s] running build
[0.539s] running build_py
[0.539s] running install
[0.539s] running install_lib
[0.540s] running install_data
[0.540s] copying launch/navigation.launch.py -> /home/kroad/autonomous_tb3_ws/install/autonomous_tb3/share/autonomous_tb3/launch
[0.540s] copying config/tb3_nav_rviz -> /home/kroad/autonomous_tb3_ws/install/autonomous_tb3/share/autonomous_tb3/config
[0.540s] copying config/tb3_world.pgm -> /home/kroad/autonomous_tb3_ws/install/autonomous_tb3/share/autonomous_tb3/config
[0.540s] copying config/tb3_params.yaml -> /home/kroad/autonomous_tb3_ws/install/autonomous_tb3/share/autonomous_tb3/config
[0.540s] copying config/tb3_world.yaml -> /home/kroad/autonomous_tb3_ws/install/autonomous_tb3/share/autonomous_tb3/config
[0.540s] running install_egg_info
[0.541s] removing '/home/kroad/autonomous_tb3_ws/install/autonomous_tb3/lib/python3.10/site-packages/autonomous_tb3-0.0.0-py3.10.egg-info' (and everything under it)
[0.541s] Copying ../../build/autonomous_tb3/autonomous_tb3.egg-info to /home/kroad/autonomous_tb3_ws/install/autonomous_tb3/lib/python3.10/site-packages/autonomous_tb3-0.0.0-py3.10.egg-info
[0.541s] running install_scripts
[0.553s] Installing occupancy_grid_pub script to /home/kroad/autonomous_tb3_ws/install/autonomous_tb3/lib/autonomous_tb3
[0.553s] writing list of installed files to '/home/kroad/autonomous_tb3_ws/build/autonomous_tb3/install.log'
[0.567s] Invoked command in '/home/kroad/autonomous_tb3_ws/src/autonomous_tb3' returned '0': PYTHONPATH=/home/kroad/autonomous_tb3_ws/build/autonomous_tb3/prefix_override:/home/kroad/autonomous_tb3_ws/install/autonomous_tb3/lib/python3.10/site-packages:${PYTHONPATH} /usr/bin/python3 -W ignore:setup.py install is deprecated setup.py egg_info --egg-base ../../build/autonomous_tb3 build --build-base /home/kroad/autonomous_tb3_ws/build/autonomous_tb3/build install --record /home/kroad/autonomous_tb3_ws/build/autonomous_tb3/install.log --single-version-externally-managed install_data
