running develop
/usr/lib/python3/dist-packages/setuptools/command/easy_install.py:158: EasyInstallDeprecationWarning: easy_install command is deprecated. Use build and pip and other standards-based tools.
  warnings.warn(
Removing /home/kroad/autonomous_tb3_ws/install/autonomous_tb3/lib/python3.10/site-packages/autonomous-tb3.egg-link (link to .)
running egg_info
writing ../../build/autonomous_tb3/autonomous_tb3.egg-info/PKG-INFO
writing dependency_links to ../../build/autonomous_tb3/autonomous_tb3.egg-info/dependency_links.txt
writing entry points to ../../build/autonomous_tb3/autonomous_tb3.egg-info/entry_points.txt
writing requirements to ../../build/autonomous_tb3/autonomous_tb3.egg-info/requires.txt
writing top-level names to ../../build/autonomous_tb3/autonomous_tb3.egg-info/top_level.txt
reading manifest file '../../build/autonomous_tb3/autonomous_tb3.egg-info/SOURCES.txt'
writing manifest file '../../build/autonomous_tb3/autonomous_tb3.egg-info/SOURCES.txt'
running build
running build_py
running install
running install_lib
creating /home/kroad/autonomous_tb3_ws/install/autonomous_tb3/lib/python3.10/site-packages/autonomous_tb3
copying /home/kroad/autonomous_tb3_ws/build/autonomous_tb3/build/lib/autonomous_tb3/__init__.py -> /home/kroad/autonomous_tb3_ws/install/autonomous_tb3/lib/python3.10/site-packages/autonomous_tb3
copying /home/kroad/autonomous_tb3_ws/build/autonomous_tb3/build/lib/autonomous_tb3/occupancy_grid_pub.py -> /home/kroad/autonomous_tb3_ws/install/autonomous_tb3/lib/python3.10/site-packages/autonomous_tb3
byte-compiling /home/kroad/autonomous_tb3_ws/install/autonomous_tb3/lib/python3.10/site-packages/autonomous_tb3/__init__.py to __init__.cpython-310.pyc
byte-compiling /home/kroad/autonomous_tb3_ws/install/autonomous_tb3/lib/python3.10/site-packages/autonomous_tb3/occupancy_grid_pub.py to occupancy_grid_pub.cpython-310.pyc
running install_data
copying resource/autonomous_tb3 -> /home/kroad/autonomous_tb3_ws/install/autonomous_tb3/share/ament_index/resource_index/packages
copying package.xml -> /home/kroad/autonomous_tb3_ws/install/autonomous_tb3/share/autonomous_tb3
running install_egg_info
Copying ../../build/autonomous_tb3/autonomous_tb3.egg-info to /home/kroad/autonomous_tb3_ws/install/autonomous_tb3/lib/python3.10/site-packages/autonomous_tb3-0.0.0-py3.10.egg-info
running install_scripts
Installing occupancy_grid_pub script to /home/kroad/autonomous_tb3_ws/install/autonomous_tb3/lib/autonomous_tb3
writing list of installed files to '/home/kroad/autonomous_tb3_ws/build/autonomous_tb3/install.log'
